<?xml version="1.0" encoding="UTF-8"?>
<!-- Generated by org.testng.reporters.JUnitReportReporter -->
<testsuite hostname="DESKTOP-AD44IUN" failures="0" tests="2" name="testcases.SSLchecks" time="27.906" errors="0" timestamp="2023-03-06T20:35:42 IST" skipped="0">
  <testcase classname="testcases.SSLchecks" name="Wynisco" time="16.382"/>
  <system-out/>
  <testcase classname="testcases.SSLchecks" name="VishwasaHolidays" time="11.524"/>
  <system-out/>
</testsuite> <!-- testcases.SSLchecks -->
